TN:
SF:/Users/taras/Projects/hryvna.js/lib/hryvnas.js
FN:1,(anonymous_1)
FN:24,(anonymous_2)
FN:28,(anonymous_3)
FN:51,(anonymous_4)
FN:97,(anonymous_5)
FN:109,(anonymous_6)
FNF:6
FNH:6
FNDA:1,(anonymous_1)
FNDA:73,(anonymous_2)
FNDA:39,(anonymous_3)
FNDA:24,(anonymous_4)
FNDA:18,(anonymous_5)
FNDA:34,(anonymous_6)
DA:1,1
DA:4,1
DA:21,1
DA:24,1
DA:25,73
DA:28,1
DA:29,39
DA:30,0
DA:33,39
DA:34,39
DA:36,39
DA:37,6
DA:40,33
DA:41,8
DA:44,25
DA:45,8
DA:48,17
DA:51,1
DA:52,24
DA:53,24
DA:54,24
DA:56,24
DA:57,6
DA:58,6
DA:59,6
DA:62,24
DA:63,24
DA:65,0
DA:66,0
DA:67,0
DA:70,24
DA:71,18
DA:74,18
DA:77,6
DA:78,3
DA:79,1
DA:82,3
DA:83,2
DA:84,1
DA:85,1
DA:88,1
DA:89,1
DA:90,1
DA:94,24
DA:97,1
DA:98,18
DA:100,18
DA:101,5
DA:102,13
DA:103,4
DA:106,18
DA:109,1
DA:110,34
DA:111,4
DA:114,30
DA:115,30
DA:116,4
DA:119,26
DA:120,7
DA:122,7
DA:123,1
DA:127,25
DA:128,7
DA:131,18
DA:132,18
DA:134,18
DA:135,18
DA:136,18
DA:137,18
DA:138,18
DA:141,18
DA:142,18
DA:143,18
DA:144,18
DA:145,18
DA:147,18
DA:148,39
DA:149,39
DA:151,39
DA:152,24
DA:153,24
DA:154,24
DA:157,39
DA:160,18
DA:162,18
DA:163,18
DA:166,18
DA:169,1
DA:171,1
DA:172,1
DA:174,0
DA:177,1
LF:92
LH:87
BRDA:29,1,0,0
BRDA:29,1,1,39
BRDA:36,2,0,6
BRDA:36,2,1,33
BRDA:36,3,0,39
BRDA:36,3,1,8
BRDA:40,4,0,8
BRDA:40,4,1,25
BRDA:40,5,0,33
BRDA:40,5,1,13
BRDA:44,6,0,8
BRDA:44,6,1,17
BRDA:56,7,0,6
BRDA:56,7,1,18
BRDA:62,8,0,24
BRDA:62,8,1,0
BRDA:70,9,0,18
BRDA:70,9,1,6
BRDA:71,10,0,1
BRDA:71,10,1,18
BRDA:77,11,0,3
BRDA:77,11,1,3
BRDA:78,12,0,1
BRDA:78,12,1,2
BRDA:82,13,0,2
BRDA:82,13,1,1
BRDA:83,14,0,1
BRDA:83,14,1,1
BRDA:88,15,0,1
BRDA:88,15,1,0
BRDA:100,16,0,5
BRDA:100,16,1,13
BRDA:102,17,0,4
BRDA:102,17,1,9
BRDA:110,18,0,4
BRDA:110,18,1,30
BRDA:115,19,0,4
BRDA:115,19,1,26
BRDA:115,20,0,30
BRDA:115,20,1,11
BRDA:119,21,0,7
BRDA:119,21,1,19
BRDA:122,22,0,1
BRDA:122,22,1,6
BRDA:127,23,0,7
BRDA:127,23,1,18
BRDA:135,24,0,18
BRDA:135,24,1,0
BRDA:151,25,0,24
BRDA:151,25,1,15
BRDA:151,26,0,39
BRDA:151,26,1,33
BRDA:151,26,2,24
BRDA:162,27,0,18
BRDA:162,27,1,0
BRDA:171,28,0,1
BRDA:171,28,1,0
BRDA:171,29,0,1
BRDA:171,29,1,1
BRF:59
BRH:53
end_of_record
